#
# A fatal error has been detected by the Java Runtime Environment:
#
#  EXCEPTION_ACCESS_VIOLATION (0xc0000005) at pc=0x6dd20eac, pid=2224, tid=4864
#
# JRE version: 6.0_21-b07
# Java VM: Java HotSpot(TM) Server VM (17.0-b17 mixed mode windows-x86 )
# Problematic frame:
# V  [jvm.dll+0x1a0eac]
#
# If you would like to submit a bug report, please visit:
#   http://java.sun.com/webapps/bugreport/crash.jsp
#

---------------  T H R E A D  ---------------

Current thread (0x07839400):  JavaThread "Java2D Disposer" daemon [_thread_in_vm, id=4864, stack(0x08cd0000,0x08ed0000)]

siginfo: ExceptionCode=0xc0000005, reading address 0x00000000

Registers:
EAX=0x01f68ab0, EBX=0x00000000, ECX=0x00000000, EDX=0x08ecfa28
ESP=0x08ecfa18, EBP=0x08ecfaf4, ESI=0x07818d90, EDI=0x07839400
EIP=0x6dd20eac, EFLAGS=0x00010203

Top of Stack: (sp=0x08ecfa18)
0x08ecfa18:   07839400 07839518 077f3ba0 6dd1742d
0x08ecfa28:   01f68ab0 08ecfb68 08ecfa48 08ecfa60
0x08ecfa38:   07839400 08ecfb28 6dd20cc5 08ecfb68
0x08ecfa48:   01f68ab0 08ecfa60 07839400 095e0770
0x08ecfa58:   07839400 07839518 01f2f70a 00000000
0x08ecfa68:   09696278 00000000 07839400 10bd5550
0x08ecfa78:   01f68ab0 00000000 00000001 00000000
0x08ecfa88:   00000000 00000100 00000000 00000000 

Instructions: (pc=0x6dd20eac)
0x6dd20e9c:   01 8b 4d b0 8b 55 a4 8b 45 f4 89 04 8a ff 45 b0
0x6dd20eac:   8b 03 8b 48 08 0f b7 51 2a 8b 40 0c 8b 4c 90 24 


Stack: [0x08cd0000,0x08ed0000],  sp=0x08ecfa18,  free space=7fe08ecf4fck
Native frames: (J=compiled Java code, j=interpreted, Vv=VM code, C=native code)
V  [jvm.dll+0x1a0eac]
V  [jvm.dll+0x1a3d07]
C  [awt.dll+0x6c71c]
j  java.awt.Cursor.finalizeImpl(J)V+0
j  java.awt.Cursor.access$000(J)V+1
j  java.awt.Cursor$CursorDisposer.dispose()V+13
j  sun.java2d.Disposer.run()V+26
j  java.lang.Thread.run()V+11
v  ~StubRoutines::call_stub
V  [jvm.dll+0x1973ac]
V  [jvm.dll+0x28b631]
V  [jvm.dll+0x197577]
V  [jvm.dll+0x1975ed]
V  [jvm.dll+0x1c1190]
V  [jvm.dll+0x312b54]
V  [jvm.dll+0x28afdc]
C  [MSVCR71.dll+0x9565]
C  [kernel32.dll+0x13677]
C  [ntdll.dll+0x39f02]
C  [ntdll.dll+0x39ed5]

Java frames: (J=compiled Java code, j=interpreted, Vv=VM code)
j  java.awt.Cursor.finalizeImpl(J)V+0
j  java.awt.Cursor.access$000(J)V+1
j  java.awt.Cursor$CursorDisposer.dispose()V+13
j  sun.java2d.Disposer.run()V+26
j  java.lang.Thread.run()V+11
v  ~StubRoutines::call_stub

---------------  P R O C E S S  ---------------

Java Threads: ( => current thread )
  0x07b5b400 JavaThread "Thread-2" daemon [_thread_blocked, id=716, stack(0x47570000,0x47770000)]
  0x07b5a800 JavaThread "logger-awt" daemon [_thread_blocked, id=4780, stack(0x470f0000,0x472f0000)]
  0x07b5a400 JavaThread "Thread-27" [_thread_blocked, id=1120, stack(0x46ef0000,0x470f0000)]
  0x07b59c00 JavaThread "Thread-26" [_thread_blocked, id=1752, stack(0x46cf0000,0x46ef0000)]
  0x07b59800 JavaThread "Thread-25" [_thread_blocked, id=4852, stack(0x45720000,0x45920000)]
  0x07b59000 JavaThread "Thread-24" [_thread_blocked, id=2952, stack(0x0e920000,0x0eb20000)]
  0x08f5ec00 JavaThread "Thread-22" [_thread_blocked, id=2168, stack(0x0e6e0000,0x0e8e0000)]
  0x08f5e800 JavaThread "Thread-21" [_thread_blocked, id=2572, stack(0x0e4e0000,0x0e6e0000)]
  0x08f5e000 JavaThread "Thread-20" [_thread_blocked, id=4220, stack(0x08140000,0x08340000)]
  0x08f60400 JavaThread "Thread-17" [_thread_blocked, id=3656, stack(0x45520000,0x45720000)]
  0x08f60000 JavaThread "Thread-16" [_thread_blocked, id=4856, stack(0x0fac0000,0x0fcc0000)]
  0x08f5dc00 JavaThread "Default RequestProcessor" daemon [_thread_blocked, id=1636, stack(0x0d200000,0x0d400000)]
  0x08f5d400 JavaThread "AWT-EventQueue-1" [_thread_blocked, id=3916, stack(0x0cfc0000,0x0d1c0000)]
  0x08f5d000 JavaThread "TimerQueue" daemon [_thread_blocked, id=4932, stack(0x0cd80000,0x0cf80000)]
  0x08f6d000 JavaThread "Thread-3" daemon [_thread_blocked, id=932, stack(0x0cb80000,0x0cd80000)]
  0x07912400 JavaThread "AWT-Shutdown" [_thread_blocked, id=4492, stack(0x096d0000,0x098d0000)]
=>0x07839400 JavaThread "Java2D Disposer" daemon [_thread_in_vm, id=4864, stack(0x08cd0000,0x08ed0000)]
  0x070b5c00 JavaThread "CLI Requests Server" daemon [_thread_in_native, id=3776, stack(0x07f40000,0x08140000)]
  0x06ff2c00 JavaThread "Active Reference Queue Daemon" daemon [_thread_blocked, id=4148, stack(0x07580000,0x07780000)]
  0x06f9ec00 JavaThread "Timer-0" daemon [_thread_blocked, id=4116, stack(0x07340000,0x07540000)]
  0x01f6f400 JavaThread "Low Memory Detector" daemon [_thread_blocked, id=3360, stack(0x06cc0000,0x06ec0000)]
  0x01f6cc00 JavaThread "CompilerThread1" daemon [_thread_blocked, id=2536, stack(0x06a80000,0x06c80000)]
  0x01f63800 JavaThread "CompilerThread0" daemon [_thread_blocked, id=2240, stack(0x06840000,0x06a40000)]
  0x01f62800 JavaThread "Attach Listener" daemon [_thread_blocked, id=2352, stack(0x06600000,0x06800000)]
  0x01f61c00 JavaThread "Signal Dispatcher" daemon [_thread_blocked, id=4672, stack(0x063c0000,0x065c0000)]
  0x01f35c00 JavaThread "Finalizer" daemon [_thread_blocked, id=3020, stack(0x06180000,0x06380000)]
  0x01f2f800 JavaThread "Reference Handler" daemon [_thread_blocked, id=4796, stack(0x05f40000,0x06140000)]
  0x003aa000 JavaThread "main" [_thread_blocked, id=4364, stack(0x00090000,0x00290000)]

Other Threads:
  0x01f2b000 VMThread [stack: 0x05d00000,0x05f00000] [id=5116]
  0x06ed4800 WatcherThread [stack: 0x07100000,0x07300000] [id=3716]

VM state:synchronizing (normal execution)

VM Mutex/Monitor currently owned by a thread:  ([mutex/lock_event])
[0x003a8270] Threads_lock - owner thread: 0x01f2b000

Heap
 PSYoungGen      total 29632K, used 5510K [0x34050000, 0x36850000, 0x44050000)
  eden space 24192K, 0% used [0x34050000,0x34070da8,0x357f0000)
  from space 5440K, 98% used [0x358a0000,0x35de0e40,0x35df0000)
  to   space 8384K, 0% used [0x36020000,0x36020000,0x36850000)
 PSOldGen        total 44864K, used 27511K [0x14050000, 0x16c20000, 0x34050000)
  object space 44864K, 61% used [0x14050000,0x15b2dec0,0x16c20000)
 PSPermGen       total 50048K, used 25629K [0x10050000, 0x13130000, 0x14050000)
  object space 50048K, 51% used [0x10050000,0x119574d8,0x13130000)

Dynamic libraries:
0x00400000 - 0x00427000 	B:\Programme\NetBeans 6.9\platform\lib\nbexec.exe
0x77cf0000 - 0x77e70000 	C:\Windows\SysWOW64\ntdll.dll
0x775a0000 - 0x776a0000 	C:\Windows\syswow64\kernel32.dll
0x77730000 - 0x77776000 	C:\Windows\syswow64\KERNELBASE.dll
0x76330000 - 0x763dc000 	C:\Windows\syswow64\msvcrt.dll
0x77030000 - 0x770d0000 	C:\Windows\syswow64\ADVAPI32.DLL
0x77550000 - 0x77569000 	C:\Windows\SysWOW64\sechost.dll
0x758c0000 - 0x759b0000 	C:\Windows\syswow64\RPCRT4.dll
0x75860000 - 0x758c0000 	C:\Windows\syswow64\SspiCli.dll
0x75850000 - 0x7585c000 	C:\Windows\syswow64\CRYPTBASE.dll
0x77450000 - 0x77550000 	C:\Windows\syswow64\USER32.dll
0x776a0000 - 0x77730000 	C:\Windows\syswow64\GDI32.dll
0x76000000 - 0x7600a000 	C:\Windows\syswow64\LPK.dll
0x77780000 - 0x7781d000 	C:\Windows\syswow64\USP10.dll
0x770d0000 - 0x77130000 	C:\Windows\system32\IMM32.DLL
0x75f30000 - 0x75ffc000 	C:\Windows\syswow64\MSCTF.dll
0x10000000 - 0x10042000 	B:\Programme\NetBeans 6.9\platform\lib\nbexec.dll
0x75160000 - 0x751ab000 	C:\Windows\system32\apphelp.dll
0x6db80000 - 0x6dfc3000 	C:\Program Files (x86)\Java\jdk1.6.0_21\jre\bin\server\jvm.dll
0x71b60000 - 0x71b92000 	C:\Windows\system32\WINMM.dll
0x7c340000 - 0x7c396000 	C:\Program Files (x86)\Java\jdk1.6.0_21\jre\bin\MSVCR71.dll
0x6d860000 - 0x6d86c000 	C:\Program Files (x86)\Java\jdk1.6.0_21\jre\bin\verify.dll
0x6d3e0000 - 0x6d3ff000 	C:\Program Files (x86)\Java\jdk1.6.0_21\jre\bin\java.dll
0x6d340000 - 0x6d348000 	C:\Program Files (x86)\Java\jdk1.6.0_21\jre\bin\hpi.dll
0x76320000 - 0x76325000 	C:\Windows\syswow64\PSAPI.DLL
0x6d8a0000 - 0x6d8af000 	C:\Program Files (x86)\Java\jdk1.6.0_21\jre\bin\zip.dll
0x6d6c0000 - 0x6d6d3000 	C:\Program Files (x86)\Java\jdk1.6.0_21\jre\bin\net.dll
0x760e0000 - 0x76115000 	C:\Windows\syswow64\WS2_32.dll
0x76010000 - 0x76016000 	C:\Windows\syswow64\NSI.dll
0x73ce0000 - 0x73d1c000 	C:\Windows\system32\mswsock.dll
0x73ba0000 - 0x73ba6000 	C:\Windows\System32\wship6.dll
0x73cb0000 - 0x73ccc000 	C:\Windows\system32\iphlpapi.dll
0x73ca0000 - 0x73ca7000 	C:\Windows\system32\WINNSI.DLL
0x73b30000 - 0x73b42000 	C:\Windows\system32\dhcpcsvc.DLL
0x73b20000 - 0x73b2d000 	C:\Windows\system32\dhcpcsvc6.DLL
0x73cd0000 - 0x73cd5000 	C:\Windows\System32\wshtcpip.dll
0x73bf0000 - 0x73c06000 	C:\Windows\system32\CRYPTSP.dll
0x73bb0000 - 0x73beb000 	C:\Windows\system32\rsaenh.dll
0x74060000 - 0x74077000 	C:\Windows\system32\USERENV.dll
0x74050000 - 0x7405b000 	C:\Windows\system32\profapi.dll
0x714f0000 - 0x71500000 	C:\Windows\system32\NLAapi.dll
0x73b50000 - 0x73b94000 	C:\Windows\system32\DNSAPI.dll
0x714e0000 - 0x714e8000 	C:\Windows\System32\winrnr.dll
0x714d0000 - 0x714e0000 	C:\Windows\system32\napinsp.dll
0x714b0000 - 0x714c2000 	C:\Windows\system32\pnrpnsp.dll
0x71480000 - 0x714a5000 	C:\Program Files (x86)\Bonjour\mdnsNSP.dll
0x71430000 - 0x71436000 	C:\Windows\system32\rasadhlp.dll
0x71440000 - 0x71478000 	C:\Windows\System32\fwpuclnt.dll
0x6d0b0000 - 0x6d1fa000 	C:\Program Files (x86)\Java\jdk1.6.0_21\jre\bin\awt.dll
0x71890000 - 0x718e1000 	C:\Windows\system32\WINSPOOL.DRV
0x771f0000 - 0x7734c000 	C:\Windows\syswow64\ole32.dll
0x71ac0000 - 0x71b44000 	C:\Windows\WinSxS\x86_microsoft.windows.common-controls_6595b64144ccf1df_5.82.7600.16661_none_ebfb56996c72aefc\COMCTL32.dll
0x717e0000 - 0x717f3000 	C:\Windows\system32\DWMAPI.DLL
0x71800000 - 0x71880000 	C:\Windows\system32\uxtheme.dll
0x6d2e0000 - 0x6d334000 	C:\Program Files (x86)\Java\jdk1.6.0_21\jre\bin\fontmanager.dll
0x763e0000 - 0x77029000 	C:\Windows\syswow64\shell32.dll
0x76120000 - 0x76177000 	C:\Windows\syswow64\SHLWAPI.dll
0x09ec0000 - 0x0a083000 	C:\Windows\system32\d3d9.dll
0x73f70000 - 0x73f79000 	C:\Windows\system32\VERSION.dll
0x6f2c0000 - 0x6f2c6000 	C:\Windows\system32\d3d8thk.dll
0x0a090000 - 0x0a7f3000 	C:\Windows\system32\nvd3dum.dll
0x73c10000 - 0x73c35000 	C:\Windows\system32\powrprof.dll
0x76180000 - 0x7631d000 	C:\Windows\syswow64\SETUPAPI.dll
0x760b0000 - 0x760d7000 	C:\Windows\syswow64\CFGMGR32.dll
0x75ad0000 - 0x75b5f000 	C:\Windows\syswow64\OLEAUT32.dll
0x778a0000 - 0x778b2000 	C:\Windows\syswow64\DEVOBJ.dll
0x6d6e0000 - 0x6d6e9000 	C:\Program Files (x86)\Java\jdk1.6.0_21\jre\bin\nio.dll
0x6d610000 - 0x6d619000 	C:\Program Files (x86)\Java\jdk1.6.0_21\jre\bin\management.dll
0x75ea0000 - 0x75f23000 	C:\Windows\syswow64\CLBCatQ.DLL
0x6d250000 - 0x6d273000 	C:\Program Files (x86)\Java\jdk1.6.0_21\jre\bin\dcpr.dll
0x740f0000 - 0x740fe000 	C:\Windows\system32\RpcRtRemote.dll

VM Arguments:
jvm_args: -Dnetbeans.logger.console=true -ea -Djdk.home=C:\Program Files (x86)\Java\jdk1.6.0_21 -Dnetbeans.home=B:\Programme\NetBeans 6.9\platform -Dnetbeans.user=B:\Netbeans\Projects\VAMP_NBP\build\testuserdir -XX:+HeapDumpOnOutOfMemoryError -XX:HeapDumpPath=B:\Netbeans\Projects\VAMP_NBP\build\testuserdir\var\log\heapdump.hprof -Dnetbeans.system_http_proxy=DIRECT -Dsun.awt.keepWorkingSetOnMinimize=true -Dnetbeans.dirs=B:\Netbeans\Projects\VAMP_NBP\build\cluster;B:\Programme\NetBeans 6.9\platform 
java_command: <unknown>
Launcher Type: generic

Environment Variables:
JAVA_HOME=C:\Program_Files_(x86)\Java\jdk1.6.0_20
CLASSPATH=.;C:\Program Files (x86)\Java\jre6\lib\ext\QTJava.zip
PATH=C:\Program Files (x86)\JavaFX\javafx-sdk1.3\bin;C:\Program Files (x86)\JavaFX\javafx-sdk1.3\emulator\bin;B:\Programme\MiKTeX 2.8\miktex\bin;C:\Windows\system32;C:\Windows;C:\Windows\System32\Wbem;C:\Windows\System32\WindowsPowerShell\v1.0\;$ANT_HOME\bin;$JAVA_HOME\bin;C:\Program Files (x86)\QuickTime\QTSystem\;C:\Program Files (x86)\Microsoft SQL Server\100\Tools\Binn\;C:\Program Files\Microsoft SQL Server\100\Tools\Binn\;C:\Program Files\Microsoft SQL Server\100\DTS\Binn\
USERNAME=denis
OS=Windows_NT
PROCESSOR_IDENTIFIER=Intel64 Family 6 Model 15 Stepping 13, GenuineIntel



---------------  S Y S T E M  ---------------

OS: Windows 7 Build 7600 

CPU:total 2 (2 cores per cpu, 1 threads per core) family 6 model 15 stepping 13, cmov, cx8, fxsr, mmx, sse, sse2, sse3, ssse3

Memory: 4k page, physical 3144952k(1248600k free), swap 6288008k(4100044k free)

vm_info: Java HotSpot(TM) Server VM (17.0-b17) for windows-x86 JRE (1.6.0_21-b07), built on Jul 17 2010 01:03:51 by "java_re" with MS VC++ 7.1 (VS2003)

time: Wed Mar 09 17:18:21 2011
elapsed time: 189 seconds

