#
# A fatal error has been detected by the Java Runtime Environment:
#
# java.lang.OutOfMemoryError: requested 551592 bytes for Chunk::new. Out of swap space?
#
#  Internal Error (allocation.cpp:215), pid=1736, tid=5560
#  Error: Chunk::new
#
# JRE version: 6.0_21-b07
# Java VM: Java HotSpot(TM) Server VM (17.0-b17 mixed mode windows-x86 )
# If you would like to submit a bug report, please visit:
#   http://java.sun.com/webapps/bugreport/crash.jsp
#

---------------  T H R E A D  ---------------

Current thread (0x067e8c00):  JavaThread "CompilerThread1" daemon [_thread_in_native, id=5560, stack(0x06c50000,0x06e50000)]

Stack: [0x06c50000,0x06e50000],  sp=0x06e4eb50,  free space=7fa06e4eb60k
Native frames: (J=compiled Java code, j=interpreted, Vv=VM code, C=native code)
V  [jvm.dll+0x3328c0]
V  [jvm.dll+0x1033bc]
V  [jvm.dll+0x3c60c]
V  [jvm.dll+0x3c8a3]
V  [jvm.dll+0x17ac50]
V  [jvm.dll+0xb0e02]
V  [jvm.dll+0xe1db3]
V  [jvm.dll+0xe25f2]
V  [jvm.dll+0xa47d1]
V  [jvm.dll+0xe48e9]
V  [jvm.dll+0xe54df]
V  [jvm.dll+0x312b54]
V  [jvm.dll+0x28afdc]
C  [MSVCR71.dll+0x9565]
C  [kernel32.dll+0x13677]
C  [ntdll.dll+0x39f02]
C  [ntdll.dll+0x39ed5]


Current CompileTask:
C2:1403  !   javax.swing.text.DefaultStyledDocument.insertUpdate(Ljavax/swing/text/AbstractDocument$DefaultDocumentEvent;Ljavax/swing/text/AttributeSet;)V (830 bytes)


---------------  P R O C E S S  ---------------

Java Threads: ( => current thread )
  0x06815000 JavaThread "Thread-408" [_thread_blocked, id=5640, stack(0x7e7a0000,0x7e9a0000)]
  0x06814800 JavaThread "Thread-407" [_thread_blocked, id=6048, stack(0x7e5a0000,0x7e7a0000)]
  0x06814400 JavaThread "Thread-406" [_thread_blocked, id=3968, stack(0x7e3a0000,0x7e5a0000)]
  0x06813c00 JavaThread "Thread-405" [_thread_blocked, id=6068, stack(0x7e1a0000,0x7e3a0000)]
  0x06813800 JavaThread "Thread-404" [_thread_blocked, id=4236, stack(0x7dfa0000,0x7e1a0000)]
  0x06813000 JavaThread "Thread-403" [_thread_blocked, id=3752, stack(0x7dda0000,0x7dfa0000)]
  0x06812c00 JavaThread "Thread-402" [_thread_blocked, id=5376, stack(0x7dba0000,0x7dda0000)]
  0x06812400 JavaThread "Thread-401" [_thread_blocked, id=916, stack(0x7d9a0000,0x7dba0000)]
  0x06812000 JavaThread "Thread-400" [_thread_blocked, id=5148, stack(0x7d7a0000,0x7d9a0000)]
  0x06811800 JavaThread "Thread-399" [_thread_blocked, id=5612, stack(0x7d5a0000,0x7d7a0000)]
  0x06811400 JavaThread "Thread-398" [_thread_blocked, id=2476, stack(0x7d3a0000,0x7d5a0000)]
  0x06810c00 JavaThread "Thread-397" [_thread_blocked, id=5396, stack(0x7d1a0000,0x7d3a0000)]
  0x06810800 JavaThread "Thread-396" [_thread_blocked, id=3560, stack(0x7cfa0000,0x7d1a0000)]
  0x06810000 JavaThread "Thread-395" [_thread_blocked, id=3516, stack(0x7cda0000,0x7cfa0000)]
  0x0680fc00 JavaThread "Thread-394" [_thread_blocked, id=724, stack(0x7cba0000,0x7cda0000)]
  0x0680f400 JavaThread "Thread-393" [_thread_blocked, id=6112, stack(0x7c9a0000,0x7cba0000)]
  0x0783b800 JavaThread "Thread-392" [_thread_blocked, id=2460, stack(0x7c7a0000,0x7c9a0000)]
  0x0783b400 JavaThread "Thread-391" [_thread_blocked, id=3888, stack(0x7c5a0000,0x7c7a0000)]
  0x0783ac00 JavaThread "Thread-390" [_thread_blocked, id=3216, stack(0x7c3a0000,0x7c5a0000)]
  0x0783a800 JavaThread "Thread-389" [_thread_blocked, id=3200, stack(0x7c130000,0x7c330000)]
  0x0783a000 JavaThread "Thread-388" [_thread_blocked, id=4964, stack(0x7bf30000,0x7c130000)]
  0x07839c00 JavaThread "Thread-387" [_thread_blocked, id=5796, stack(0x7bd30000,0x7bf30000)]
  0x07839400 JavaThread "Thread-386" [_thread_blocked, id=4792, stack(0x7bb30000,0x7bd30000)]
  0x07839000 JavaThread "Thread-385" [_thread_blocked, id=5028, stack(0x7b930000,0x7bb30000)]
  0x07838800 JavaThread "Thread-384" [_thread_blocked, id=324, stack(0x7b730000,0x7b930000)]
  0x07838400 JavaThread "Thread-383" [_thread_blocked, id=4500, stack(0x7b530000,0x7b730000)]
  0x07837c00 JavaThread "Thread-382" [_thread_blocked, id=5352, stack(0x7b330000,0x7b530000)]
  0x07837800 JavaThread "Thread-381" [_thread_blocked, id=2964, stack(0x7b130000,0x7b330000)]
  0x07837000 JavaThread "Thread-380" [_thread_blocked, id=3152, stack(0x7af30000,0x7b130000)]
  0x07836c00 JavaThread "Thread-379" [_thread_blocked, id=2968, stack(0x7ad30000,0x7af30000)]
  0x07836400 JavaThread "Thread-378" [_thread_blocked, id=3900, stack(0x7ab30000,0x7ad30000)]
  0x07836000 JavaThread "Thread-377" [_thread_blocked, id=4280, stack(0x7a930000,0x7ab30000)]
  0x07835800 JavaThread "Thread-376" [_thread_blocked, id=4056, stack(0x7a730000,0x7a930000)]
  0x07835400 JavaThread "Thread-375" [_thread_blocked, id=4248, stack(0x7a530000,0x7a730000)]
  0x07834c00 JavaThread "Thread-374" [_thread_blocked, id=4108, stack(0x7a330000,0x7a530000)]
  0x07834800 JavaThread "Thread-373" [_thread_blocked, id=4180, stack(0x7a130000,0x7a330000)]
  0x07834000 JavaThread "Thread-372" [_thread_blocked, id=5564, stack(0x79f30000,0x7a130000)]
  0x09166c00 JavaThread "Thread-371" [_thread_blocked, id=4704, stack(0x79d30000,0x79f30000)]
  0x09166400 JavaThread "Thread-370" [_thread_blocked, id=4880, stack(0x79b30000,0x79d30000)]
  0x09166000 JavaThread "Thread-369" [_thread_blocked, id=4196, stack(0x79930000,0x79b30000)]
  0x09165800 JavaThread "Thread-368" [_thread_blocked, id=316, stack(0x79730000,0x79930000)]
  0x09165400 JavaThread "Thread-367" [_thread_blocked, id=1424, stack(0x79530000,0x79730000)]
  0x09164c00 JavaThread "Thread-366" [_thread_blocked, id=4888, stack(0x79330000,0x79530000)]
  0x09164800 JavaThread "Thread-365" [_thread_blocked, id=2636, stack(0x79130000,0x79330000)]
  0x09164000 JavaThread "Thread-364" [_thread_blocked, id=6064, stack(0x78f30000,0x79130000)]
  0x09163c00 JavaThread "Thread-363" [_thread_blocked, id=1716, stack(0x78d30000,0x78f30000)]
  0x09163400 JavaThread "Thread-362" [_thread_blocked, id=4176, stack(0x78b30000,0x78d30000)]
  0x09163000 JavaThread "Thread-361" [_thread_blocked, id=4656, stack(0x78930000,0x78b30000)]
  0x09162800 JavaThread "Thread-360" [_thread_blocked, id=4812, stack(0x78730000,0x78930000)]
  0x09162400 JavaThread "Thread-359" [_thread_blocked, id=5904, stack(0x78530000,0x78730000)]
  0x09161c00 JavaThread "Thread-358" [_thread_blocked, id=6004, stack(0x78330000,0x78530000)]
  0x09161800 JavaThread "Thread-357" [_thread_blocked, id=3060, stack(0x78130000,0x78330000)]
  0x09161000 JavaThread "Thread-356" [_thread_blocked, id=4576, stack(0x77f30000,0x78130000)]
  0x09160c00 JavaThread "Thread-355" [_thread_blocked, id=4816, stack(0x77d30000,0x77f30000)]
  0x09160400 JavaThread "Thread-354" [_thread_blocked, id=4744, stack(0x77b30000,0x77d30000)]
  0x09160000 JavaThread "Thread-353" [_thread_blocked, id=3096, stack(0x77930000,0x77b30000)]
  0x0915f800 JavaThread "Thread-352" [_thread_blocked, id=6036, stack(0x77730000,0x77930000)]
  0x0915f400 JavaThread "Thread-351" [_thread_blocked, id=3564, stack(0x77530000,0x77730000)]
  0x0d316c00 JavaThread "Thread-350" [_thread_blocked, id=4060, stack(0x77330000,0x77530000)]
  0x0d316400 JavaThread "Thread-349" [_thread_blocked, id=5600, stack(0x752c0000,0x754c0000)]
  0x0d316000 JavaThread "Thread-348" [_thread_blocked, id=4628, stack(0x74ab0000,0x74cb0000)]
  0x0d315800 JavaThread "Thread-347" [_thread_blocked, id=4364, stack(0x748b0000,0x74ab0000)]
  0x0d315400 JavaThread "Thread-346" [_thread_blocked, id=6044, stack(0x746b0000,0x748b0000)]
  0x0d314c00 JavaThread "Thread-345" [_thread_blocked, id=5264, stack(0x74300000,0x74500000)]
  0x0d314000 JavaThread "Thread-343" [_thread_blocked, id=4788, stack(0x73f00000,0x74100000)]
  0x0d313c00 JavaThread "Thread-342" [_thread_blocked, id=4268, stack(0x73d00000,0x73f00000)]
  0x0d313400 JavaThread "Thread-341" [_thread_blocked, id=5184, stack(0x73b00000,0x73d00000)]
  0x0d313000 JavaThread "Thread-340" [_thread_blocked, id=1240, stack(0x733f0000,0x735f0000)]
  0x0d312800 JavaThread "Thread-339" [_thread_blocked, id=5356, stack(0x731f0000,0x733f0000)]
  0x06803c00 JavaThread "Thread-338" [_thread_blocked, id=4540, stack(0x72790000,0x72990000)]
  0x0d312400 JavaThread "Thread-337" [_thread_blocked, id=3252, stack(0x72590000,0x72790000)]
  0x0d311c00 JavaThread "Thread-336" [_thread_blocked, id=5384, stack(0x72390000,0x72590000)]
  0x0d311800 JavaThread "Thread-335" [_thread_blocked, id=3520, stack(0x72190000,0x72390000)]
  0x0d311000 JavaThread "Thread-334" [_thread_blocked, id=1420, stack(0x71f90000,0x72190000)]
  0x0d310c00 JavaThread "Thread-333" [_thread_blocked, id=3128, stack(0x71d90000,0x71f90000)]
  0x0d310400 JavaThread "Thread-332" [_thread_blocked, id=3832, stack(0x71b90000,0x71d90000)]
  0x0d310000 JavaThread "Thread-331" [_thread_blocked, id=1320, stack(0x712e0000,0x714e0000)]
  0x0d30f800 JavaThread "Thread-330" [_thread_blocked, id=480, stack(0x710e0000,0x712e0000)]
  0x0d30f400 JavaThread "Thread-329" [_thread_blocked, id=2644, stack(0x70ee0000,0x710e0000)]
  0x08db2c00 JavaThread "Thread-327" [_thread_blocked, id=2956, stack(0x70830000,0x70a30000)]
  0x08db2400 JavaThread "Thread-326" [_thread_blocked, id=5236, stack(0x70630000,0x70830000)]
  0x07911c00 JavaThread "Thread-325" [_thread_blocked, id=4660, stack(0x68340000,0x68540000)]
  0x08db2000 JavaThread "Thread-323" [_thread_blocked, id=4372, stack(0x70430000,0x70630000)]
  0x08db1800 JavaThread "Thread-322" [_thread_blocked, id=5428, stack(0x70150000,0x70350000)]
  0x08db1400 JavaThread "Thread-321" [_thread_blocked, id=1876, stack(0x6ff50000,0x70150000)]
  0x08db0c00 JavaThread "Thread-320" [_thread_blocked, id=2388, stack(0x6fd50000,0x6ff50000)]
  0x08db0800 JavaThread "Thread-319" [_thread_blocked, id=5036, stack(0x6fb50000,0x6fd50000)]
  0x08db0000 JavaThread "Thread-318" [_thread_blocked, id=3172, stack(0x6f950000,0x6fb50000)]
  0x08dafc00 JavaThread "Thread-317" [_thread_blocked, id=3120, stack(0x6f750000,0x6f950000)]
  0x08daf400 JavaThread "Thread-316" [_thread_blocked, id=440, stack(0x6f550000,0x6f750000)]
  0x08daf000 JavaThread "Thread-315" [_thread_blocked, id=3988, stack(0x6f350000,0x6f550000)]
  0x08dae800 JavaThread "Thread-314" [_thread_blocked, id=5992, stack(0x6f150000,0x6f350000)]
  0x08dae400 JavaThread "Thread-313" [_thread_blocked, id=4348, stack(0x6e7d0000,0x6e9d0000)]
  0x08dadc00 JavaThread "Thread-312" [_thread_blocked, id=3188, stack(0x6e5d0000,0x6e7d0000)]
  0x08dad800 JavaThread "Thread-311" [_thread_blocked, id=6024, stack(0x6e3d0000,0x6e5d0000)]
  0x08dad000 JavaThread "Thread-310" [_thread_blocked, id=5040, stack(0x6e1d0000,0x6e3d0000)]
  0x08dacc00 JavaThread "Thread-309" [_thread_blocked, id=1820, stack(0x6dfd0000,0x6e1d0000)]
  0x08dac400 JavaThread "Thread-308" [_thread_blocked, id=5676, stack(0x6d8b0000,0x6dab0000)]
  0x08dac000 JavaThread "Thread-307" [_thread_blocked, id=4488, stack(0x6d400000,0x6d600000)]
  0x08dab800 JavaThread "Thread-306" [_thread_blocked, id=5020, stack(0x6cdc0000,0x6cfc0000)]
  0x08dab400 JavaThread "Thread-305" [_thread_blocked, id=5960, stack(0x6cb80000,0x6cd80000)]
  0x07816c00 JavaThread "Thread-304" [_thread_blocked, id=5180, stack(0x6c940000,0x6cb40000)]
  0x07816400 JavaThread "Thread-303" [_thread_blocked, id=4796, stack(0x6c700000,0x6c900000)]
  0x07816000 JavaThread "Thread-302" [_thread_blocked, id=4860, stack(0x6c4c0000,0x6c6c0000)]
  0x07815800 JavaThread "Thread-301" [_thread_blocked, id=4772, stack(0x6c280000,0x6c480000)]
  0x07815000 JavaThread "Thread-300" [_thread_blocked, id=3976, stack(0x6c040000,0x6c240000)]
  0x07814c00 JavaThread "Thread-299" [_thread_blocked, id=5580, stack(0x6be00000,0x6c000000)]
  0x07814400 JavaThread "Thread-298" [_thread_blocked, id=5604, stack(0x6bbc0000,0x6bdc0000)]
  0x07814000 JavaThread "Thread-297" [_thread_blocked, id=5188, stack(0x6b980000,0x6bb80000)]
  0x07813800 JavaThread "Thread-296" [_thread_blocked, id=5320, stack(0x6b740000,0x6b940000)]
  0x07813400 JavaThread "Thread-295" [_thread_blocked, id=5200, stack(0x6b500000,0x6b700000)]
  0x07812c00 JavaThread "Thread-294" [_thread_blocked, id=4116, stack(0x6b2c0000,0x6b4c0000)]
  0x07812800 JavaThread "Thread-293" [_thread_blocked, id=2992, stack(0x6b080000,0x6b280000)]
  0x07812000 JavaThread "Thread-292" [_thread_blocked, id=796, stack(0x6ae40000,0x6b040000)]
  0x07811c00 JavaThread "Thread-291" [_thread_blocked, id=4760, stack(0x6ac00000,0x6ae00000)]
  0x07811400 JavaThread "Thread-290" [_thread_blocked, id=3928, stack(0x6a9c0000,0x6abc0000)]
  0x07811000 JavaThread "Thread-289" [_thread_blocked, id=5672, stack(0x6a780000,0x6a980000)]
  0x07810800 JavaThread "Thread-288" [_thread_blocked, id=5136, stack(0x6a540000,0x6a740000)]
  0x07810400 JavaThread "Thread-287" [_thread_blocked, id=3884, stack(0x6a300000,0x6a500000)]
  0x0780fc00 JavaThread "Thread-286" [_thread_blocked, id=3924, stack(0x6a0c0000,0x6a2c0000)]
  0x0780f800 JavaThread "Thread-285" [_thread_blocked, id=4392, stack(0x69e80000,0x6a080000)]
  0x0780f000 JavaThread "Thread-284" [_thread_blocked, id=2952, stack(0x69c40000,0x69e40000)]
  0x06807c00 JavaThread "Thread-283" [_thread_blocked, id=5952, stack(0x69a00000,0x69c00000)]
  0x06807400 JavaThread "Thread-282" [_thread_blocked, id=5344, stack(0x697c0000,0x699c0000)]
  0x06807000 JavaThread "Thread-281" [_thread_blocked, id=292, stack(0x69580000,0x69780000)]
  0x06806800 JavaThread "Thread-280" [_thread_blocked, id=4320, stack(0x69340000,0x69540000)]
  0x06806400 JavaThread "Thread-279" [_thread_blocked, id=1368, stack(0x69100000,0x69300000)]
  0x06805c00 JavaThread "Thread-278" [_thread_blocked, id=4124, stack(0x68ec0000,0x690c0000)]
  0x06805800 JavaThread "Thread-277" [_thread_blocked, id=3940, stack(0x68c80000,0x68e80000)]
  0x06805000 JavaThread "Thread-276" [_thread_blocked, id=5476, stack(0x68a40000,0x68c40000)]
  0x06804800 JavaThread "Thread-275" [_thread_blocked, id=3748, stack(0x68800000,0x68a00000)]
  0x06804400 JavaThread "Thread-274" [_thread_blocked, id=5076, stack(0x685c0000,0x687c0000)]
  0x06803800 JavaThread "Thread-272" [_thread_blocked, id=2456, stack(0x68140000,0x68340000)]
  0x06803000 JavaThread "Thread-271" [_thread_blocked, id=4904, stack(0x67f00000,0x68100000)]
  0x06802c00 JavaThread "Thread-270" [_thread_blocked, id=2300, stack(0x67d00000,0x67f00000)]
  0x06802400 JavaThread "Thread-269" [_thread_blocked, id=4312, stack(0x67b00000,0x67d00000)]
  0x06802000 JavaThread "Thread-268" [_thread_blocked, id=5860, stack(0x67900000,0x67b00000)]
  0x06801800 JavaThread "Thread-267" [_thread_blocked, id=5872, stack(0x67700000,0x67900000)]
  0x06801400 JavaThread "Thread-266" [_thread_blocked, id=300, stack(0x67500000,0x67700000)]
  0x06800c00 JavaThread "Thread-265" [_thread_blocked, id=5404, stack(0x67300000,0x67500000)]
  0x06800800 JavaThread "Thread-264" [_thread_blocked, id=5516, stack(0x67100000,0x67300000)]
  0x06800000 JavaThread "Thread-263" [_thread_blocked, id=5164, stack(0x66f00000,0x67100000)]
  0x08e66400 JavaThread "Thread-262" [_thread_blocked, id=4204, stack(0x66d00000,0x66f00000)]
  0x08e66000 JavaThread "Thread-261" [_thread_blocked, id=4324, stack(0x66b00000,0x66d00000)]
  0x0cd96400 JavaThread "Thread-260" [_thread_blocked, id=5292, stack(0x63640000,0x63840000)]
  0x08e65800 JavaThread "Thread-259" [_thread_blocked, id=3212, stack(0x66900000,0x66b00000)]
  0x08e65400 JavaThread "Thread-258" [_thread_blocked, id=5688, stack(0x666c0000,0x668c0000)]
  0x08e64c00 JavaThread "Thread-257" [_thread_blocked, id=4804, stack(0x66480000,0x66680000)]
  0x08e64800 JavaThread "Thread-256" [_thread_blocked, id=476, stack(0x66240000,0x66440000)]
  0x08e64000 JavaThread "Thread-255" [_thread_blocked, id=2188, stack(0x66000000,0x66200000)]
  0x08e63c00 JavaThread "Thread-254" [_thread_blocked, id=5424, stack(0x65dc0000,0x65fc0000)]
  0x08e63400 JavaThread "Thread-253" [_thread_blocked, id=3972, stack(0x65b80000,0x65d80000)]
  0x08e63000 JavaThread "Thread-252" [_thread_blocked, id=3132, stack(0x65940000,0x65b40000)]
  0x08e62800 JavaThread "Thread-251" [_thread_blocked, id=5728, stack(0x65700000,0x65900000)]
  0x08e62400 JavaThread "Thread-250" [_thread_blocked, id=952, stack(0x654c0000,0x656c0000)]
  0x08e61c00 JavaThread "Thread-249" [_thread_blocked, id=5480, stack(0x65280000,0x65480000)]
  0x08e61800 JavaThread "Thread-248" [_thread_blocked, id=4284, stack(0x65040000,0x65240000)]
  0x08e61000 JavaThread "Thread-247" [_thread_blocked, id=1704, stack(0x64e00000,0x65000000)]
  0x08e60c00 JavaThread "Thread-246" [_thread_blocked, id=5112, stack(0x64bc0000,0x64dc0000)]
  0x08e60400 JavaThread "Thread-245" [_thread_blocked, id=4448, stack(0x64980000,0x64b80000)]
  0x08e60000 JavaThread "Thread-244" [_thread_blocked, id=5508, stack(0x64740000,0x64940000)]
  0x08e5f800 JavaThread "Thread-243" [_thread_blocked, id=4832, stack(0x64500000,0x64700000)]
  0x08e5f400 JavaThread "Thread-242" [_thread_blocked, id=4140, stack(0x642c0000,0x644c0000)]
  0x08e5ec00 JavaThread "Thread-241" [_thread_blocked, id=3272, stack(0x64080000,0x64280000)]
  0x0cd97c00 JavaThread "Thread-240" [_thread_blocked, id=3572, stack(0x63e40000,0x64040000)]
  0x0cd97800 JavaThread "Thread-239" [_thread_blocked, id=2212, stack(0x63c40000,0x63e40000)]
  0x0cd97000 JavaThread "Thread-238" [_thread_blocked, id=4696, stack(0x63a40000,0x63c40000)]
  0x0cd96c00 JavaThread "Thread-237" [_thread_blocked, id=6132, stack(0x63840000,0x63a40000)]
  0x0cd93000 JavaThread "Thread-235" [_thread_blocked, id=1456, stack(0x63440000,0x63640000)]
  0x0cd96000 JavaThread "Thread-234" [_thread_blocked, id=2272, stack(0x63240000,0x63440000)]
  0x0cd95800 JavaThread "Thread-233" [_thread_blocked, id=5300, stack(0x63000000,0x63200000)]
  0x0cd95400 JavaThread "Thread-232" [_thread_blocked, id=4864, stack(0x62dc0000,0x62fc0000)]
  0x0cd94c00 JavaThread "Thread-231" [_thread_blocked, id=1504, stack(0x62b80000,0x62d80000)]
  0x0cd94800 JavaThread "Thread-230" [_thread_blocked, id=5224, stack(0x62940000,0x62b40000)]
  0x0cd94000 JavaThread "Thread-229" [_thread_blocked, id=1832, stack(0x62700000,0x62900000)]
  0x0cd93c00 JavaThread "Thread-228" [_thread_blocked, id=1084, stack(0x624c0000,0x626c0000)]
  0x0cd93400 JavaThread "Thread-227" [_thread_blocked, id=1532, stack(0x62280000,0x62480000)]
  0x0cd92800 JavaThread "Thread-225" [_thread_blocked, id=4664, stack(0x61e80000,0x62080000)]
  0x0cd92400 JavaThread "Thread-224" [_thread_blocked, id=3104, stack(0x61c80000,0x61e80000)]
  0x0cd91c00 JavaThread "Thread-223" [_thread_blocked, id=5492, stack(0x61a80000,0x61c80000)]
  0x08ff7000 JavaThread "Thread-222" [_thread_blocked, id=4352, stack(0x61880000,0x61a80000)]
  0x0cd91800 JavaThread "Thread-221" [_thread_blocked, id=5936, stack(0x61680000,0x61880000)]
  0x0cd91000 JavaThread "Thread-220" [_thread_blocked, id=4996, stack(0x61440000,0x61640000)]
  0x0cd90c00 JavaThread "Thread-219" [_thread_blocked, id=3640, stack(0x61200000,0x61400000)]
  0x0cd90400 JavaThread "Thread-218" [_thread_blocked, id=708, stack(0x60fc0000,0x611c0000)]
  0x0d1e7c00 JavaThread "Thread-217" [_thread_blocked, id=4128, stack(0x60d80000,0x60f80000)]
  0x0d1e7800 JavaThread "Thread-216" [_thread_blocked, id=3784, stack(0x60b40000,0x60d40000)]
  0x0d1e7000 JavaThread "Thread-215" [_thread_blocked, id=4756, stack(0x60900000,0x60b00000)]
  0x0d1e6c00 JavaThread "Thread-214" [_thread_blocked, id=4504, stack(0x606c0000,0x608c0000)]
  0x0d1e6400 JavaThread "Thread-213" [_thread_blocked, id=3476, stack(0x60480000,0x60680000)]
  0x0d1e6000 JavaThread "Thread-212" [_thread_blocked, id=2352, stack(0x60240000,0x60440000)]
  0x0d1e5800 JavaThread "Thread-211" [_thread_blocked, id=5208, stack(0x60000000,0x60200000)]
  0x0d1e5400 JavaThread "Thread-210" [_thread_blocked, id=3636, stack(0x5fdc0000,0x5ffc0000)]
  0x0d1e4c00 JavaThread "Thread-209" [_thread_blocked, id=5868, stack(0x5fb80000,0x5fd80000)]
  0x0d1e4800 JavaThread "Thread-208" [_thread_blocked, id=3428, stack(0x5f940000,0x5fb40000)]
  0x0d1e4000 JavaThread "Thread-207" [_thread_blocked, id=5176, stack(0x5f700000,0x5f900000)]
  0x0d1e3c00 JavaThread "Thread-206" [_thread_blocked, id=5808, stack(0x5f4c0000,0x5f6c0000)]
  0x0d1e3400 JavaThread "Thread-205" [_thread_blocked, id=2324, stack(0x5f2c0000,0x5f4c0000)]
  0x0d1e3000 JavaThread "Thread-204" [_thread_blocked, id=5068, stack(0x5f0c0000,0x5f2c0000)]
  0x0d1e2800 JavaThread "Thread-203" [_thread_blocked, id=6040, stack(0x5eec0000,0x5f0c0000)]
  0x0d1e2400 JavaThread "Thread-202" [_thread_blocked, id=4356, stack(0x5ecc0000,0x5eec0000)]
  0x0d1e1c00 JavaThread "Thread-201" [_thread_blocked, id=3288, stack(0x5eac0000,0x5ecc0000)]
  0x0d1e1800 JavaThread "Thread-200" [_thread_blocked, id=4036, stack(0x5e8c0000,0x5eac0000)]
  0x0d1e1000 JavaThread "Thread-199" [_thread_blocked, id=4984, stack(0x5e6c0000,0x5e8c0000)]
  0x0d1e0c00 JavaThread "Thread-198" [_thread_blocked, id=2312, stack(0x5e4c0000,0x5e6c0000)]
  0x0d1e0400 JavaThread "Thread-197" [_thread_blocked, id=1392, stack(0x5e2c0000,0x5e4c0000)]
  0x08ff6c00 JavaThread "Thread-195" [_thread_blocked, id=2680, stack(0x5dec0000,0x5e0c0000)]
  0x069b7c00 JavaThread "Thread-194" [_thread_blocked, id=4640, stack(0x53c80000,0x53e80000)]
  0x08ff6400 JavaThread "Thread-192" [_thread_blocked, id=3856, stack(0x5d8c0000,0x5dac0000)]
  0x08ff6000 JavaThread "Thread-191" [_thread_blocked, id=2872, stack(0x5d680000,0x5d880000)]
  0x08ff5800 JavaThread "Thread-190" [_thread_blocked, id=4552, stack(0x5d440000,0x5d640000)]
  0x08ff5400 JavaThread "Thread-189" [_thread_blocked, id=4084, stack(0x5d200000,0x5d400000)]
  0x08ff4c00 JavaThread "Thread-188" [_thread_blocked, id=5792, stack(0x5cfc0000,0x5d1c0000)]
  0x08ff4800 JavaThread "Thread-187" [_thread_blocked, id=3440, stack(0x5cd80000,0x5cf80000)]
  0x08ff4000 JavaThread "Thread-186" [_thread_blocked, id=3424, stack(0x5cb40000,0x5cd40000)]
  0x08ff3c00 JavaThread "Thread-185" [_thread_blocked, id=5840, stack(0x5c900000,0x5cb00000)]
  0x0781a800 JavaThread "Thread-184" [_thread_blocked, id=4840, stack(0x5c6c0000,0x5c8c0000)]
  0x0781a000 JavaThread "Thread-183" [_thread_blocked, id=4536, stack(0x5c480000,0x5c680000)]
  0x07819c00 JavaThread "Thread-182" [_thread_blocked, id=5628, stack(0x5c240000,0x5c440000)]
  0x07819400 JavaThread "Thread-181" [_thread_blocked, id=4476, stack(0x5c000000,0x5c200000)]
  0x07819000 JavaThread "Thread-180" [_thread_blocked, id=5336, stack(0x5bdc0000,0x5bfc0000)]
  0x07818800 JavaThread "Thread-179" [_thread_blocked, id=320, stack(0x5bb80000,0x5bd80000)]
  0x07818400 JavaThread "Thread-178" [_thread_blocked, id=1180, stack(0x5b940000,0x5bb40000)]
  0x07817c00 JavaThread "Thread-177" [_thread_blocked, id=3276, stack(0x5b700000,0x5b900000)]
  0x07817800 JavaThread "Thread-176" [_thread_blocked, id=1628, stack(0x5b4c0000,0x5b6c0000)]
  0x07817000 JavaThread "Thread-175" [_thread_blocked, id=5864, stack(0x5b280000,0x5b480000)]
  0x0788dc00 JavaThread "Thread-174" [_thread_blocked, id=2888, stack(0x5b040000,0x5b240000)]
  0x0788d400 JavaThread "Thread-173" [_thread_blocked, id=3268, stack(0x5ae00000,0x5b000000)]
  0x0788d000 JavaThread "Thread-172" [_thread_blocked, id=6108, stack(0x5abc0000,0x5adc0000)]
  0x0788c800 JavaThread "Thread-171" [_thread_blocked, id=3852, stack(0x5a980000,0x5ab80000)]
  0x0788c400 JavaThread "Thread-170" [_thread_blocked, id=5520, stack(0x5a740000,0x5a940000)]
  0x0788bc00 JavaThread "Thread-169" [_thread_blocked, id=2104, stack(0x5a500000,0x5a700000)]
  0x0788b800 JavaThread "Thread-168" [_thread_blocked, id=4436, stack(0x5a2c0000,0x5a4c0000)]
  0x0788b000 JavaThread "Thread-167" [_thread_blocked, id=2852, stack(0x5a080000,0x5a280000)]
  0x0788ac00 JavaThread "Thread-166" [_thread_blocked, id=4228, stack(0x59e40000,0x5a040000)]
  0x0788a400 JavaThread "Thread-165" [_thread_blocked, id=5620, stack(0x59c00000,0x59e00000)]
  0x069b7800 JavaThread "Thread-163" [_thread_blocked, id=5752, stack(0x59780000,0x59980000)]
  0x069b7000 JavaThread "Thread-162" [_thread_blocked, id=4132, stack(0x59540000,0x59740000)]
  0x069b6c00 JavaThread "Thread-161" [_thread_blocked, id=5584, stack(0x59300000,0x59500000)]
  0x069b6400 JavaThread "Thread-160" [_thread_blocked, id=732, stack(0x590c0000,0x592c0000)]
  0x069b6000 JavaThread "Thread-159" [_thread_blocked, id=5392, stack(0x58e80000,0x59080000)]
  0x069b5800 JavaThread "Thread-158" [_thread_blocked, id=1016, stack(0x58c40000,0x58e40000)]
  0x069b5400 JavaThread "Thread-157" [_thread_blocked, id=5632, stack(0x58a00000,0x58c00000)]
  0x069b4c00 JavaThread "Thread-156" [_thread_blocked, id=6116, stack(0x587c0000,0x589c0000)]
  0x069b4800 JavaThread "Thread-154" [_thread_blocked, id=2160, stack(0x584f0000,0x586f0000)]
  0x07ab3c00 JavaThread "Thread-153" [_thread_blocked, id=4776, stack(0x582b0000,0x584b0000)]
  0x07ab3800 JavaThread "Thread-152" [_thread_blocked, id=5316, stack(0x58070000,0x58270000)]
  0x07ab3000 JavaThread "Thread-151" [_thread_blocked, id=5084, stack(0x57e30000,0x58030000)]
  0x07ab2c00 JavaThread "Thread-150" [_thread_blocked, id=5464, stack(0x57bf0000,0x57df0000)]
  0x07ab2400 JavaThread "Thread-149" [_thread_blocked, id=5996, stack(0x579b0000,0x57bb0000)]
  0x07ab2000 JavaThread "Thread-148" [_thread_blocked, id=3116, stack(0x57770000,0x57970000)]
  0x07ab1800 JavaThread "Thread-147" [_thread_blocked, id=1748, stack(0x57530000,0x57730000)]
  0x07ab1400 JavaThread "Thread-146" [_thread_blocked, id=6012, stack(0x572f0000,0x574f0000)]
  0x07ab0c00 JavaThread "Thread-145" [_thread_blocked, id=6120, stack(0x570b0000,0x572b0000)]
  0x07ab0800 JavaThread "Thread-144" [_thread_blocked, id=4736, stack(0x56e70000,0x57070000)]
  0x0d4a2400 JavaThread "Thread-143" [_thread_blocked, id=4992, stack(0x56c30000,0x56e30000)]
  0x0d4a1c00 JavaThread "Thread-142" [_thread_blocked, id=5532, stack(0x569f0000,0x56bf0000)]
  0x0d4a1800 JavaThread "Thread-141" [_thread_blocked, id=2328, stack(0x567b0000,0x569b0000)]
  0x0d4a1000 JavaThread "Thread-140" [_thread_blocked, id=5684, stack(0x56570000,0x56770000)]
  0x0d4a0c00 JavaThread "Thread-139" [_thread_blocked, id=2668, stack(0x56330000,0x56530000)]
  0x0d4a0400 JavaThread "Thread-138" [_thread_blocked, id=3336, stack(0x560f0000,0x562f0000)]
  0x0d4a0000 JavaThread "Thread-137" [_thread_blocked, id=1872, stack(0x55eb0000,0x560b0000)]
  0x0d49f800 JavaThread "Thread-136" [_thread_blocked, id=5724, stack(0x55c70000,0x55e70000)]
  0x0d49f400 JavaThread "Thread-135" [_thread_blocked, id=4684, stack(0x55a30000,0x55c30000)]
  0x0d49ec00 JavaThread "Thread-134" [_thread_blocked, id=3948, stack(0x557f0000,0x559f0000)]
  0x0cc07c00 JavaThread "Thread-133" [_thread_blocked, id=1232, stack(0x555b0000,0x557b0000)]
  0x0cc07400 JavaThread "Thread-132" [_thread_blocked, id=2100, stack(0x55370000,0x55570000)]
  0x0cc07000 JavaThread "Thread-131" [_thread_blocked, id=4168, stack(0x55130000,0x55330000)]
  0x0cc06800 JavaThread "Thread-130" [_thread_blocked, id=3532, stack(0x54ef0000,0x550f0000)]
  0x0cc06400 JavaThread "Thread-129" [_thread_blocked, id=4240, stack(0x54cb0000,0x54eb0000)]
  0x0cc05c00 JavaThread "Thread-128" [_thread_blocked, id=3728, stack(0x54a70000,0x54c70000)]
  0x0cc05800 JavaThread "Thread-127" [_thread_blocked, id=5468, stack(0x54830000,0x54a30000)]
  0x0cc05000 JavaThread "Thread-126" [_thread_blocked, id=5232, stack(0x545f0000,0x547f0000)]
  0x0cc04c00 JavaThread "Thread-125" [_thread_blocked, id=5088, stack(0x543b0000,0x545b0000)]
  0x0cc04400 JavaThread "Thread-124" [_thread_blocked, id=3696, stack(0x541b0000,0x543b0000)]
  0x0d8b7800 JavaThread "Thread-123" [_thread_blocked, id=2292, stack(0x53fb0000,0x541b0000)]
  0x0d8b7400 JavaThread "Thread-122" [_thread_blocked, id=5124, stack(0x46400000,0x46600000)]
  0x0d8b6c00 JavaThread "Thread-121" [_thread_blocked, id=3872, stack(0x461c0000,0x463c0000)]
  0x0d8b6800 JavaThread "Thread-120" [_thread_blocked, id=5536, stack(0x45f80000,0x46180000)]
  0x0d8b6000 JavaThread "Thread-119" [_thread_blocked, id=5080, stack(0x0f910000,0x0fb10000)]
  0x0d8b5c00 JavaThread "Thread-118" [_thread_blocked, id=2696, stack(0x537b0000,0x539b0000)]
  0x0d8b5400 JavaThread "Thread-117" [_thread_blocked, id=5892, stack(0x53570000,0x53770000)]
  0x0d8b5000 JavaThread "Thread-116" [_thread_blocked, id=5132, stack(0x53330000,0x53530000)]
  0x0d8b4800 JavaThread "Thread-115" [_thread_blocked, id=5360, stack(0x530f0000,0x532f0000)]
  0x0d8b4400 JavaThread "Thread-114" [_thread_blocked, id=2940, stack(0x52eb0000,0x530b0000)]
  0x0d3eb800 JavaThread "Thread-113" [_thread_blocked, id=3680, stack(0x52c70000,0x52e70000)]
  0x0d3eb400 JavaThread "Thread-112" [_thread_blocked, id=5172, stack(0x52a30000,0x52c30000)]
  0x0d3eac00 JavaThread "Thread-111" [_thread_blocked, id=5340, stack(0x527f0000,0x529f0000)]
  0x0d3ea800 JavaThread "Thread-110" [_thread_blocked, id=5948, stack(0x525b0000,0x527b0000)]
  0x0d3ea000 JavaThread "Thread-109" [_thread_blocked, id=4588, stack(0x52370000,0x52570000)]
  0x0d3e9c00 JavaThread "Thread-108" [_thread_blocked, id=5252, stack(0x52130000,0x52330000)]
  0x0d3e9400 JavaThread "Thread-107" [_thread_blocked, id=6076, stack(0x51ef0000,0x520f0000)]
  0x0d3e9000 JavaThread "Thread-106" [_thread_blocked, id=4732, stack(0x51cb0000,0x51eb0000)]
  0x0d3e8800 JavaThread "Thread-105" [_thread_blocked, id=912, stack(0x51a70000,0x51c70000)]
  0x0d3e8400 JavaThread "Thread-104" [_thread_blocked, id=5700, stack(0x51830000,0x51a30000)]
  0x09177c00 JavaThread "Thread-103" [_thread_blocked, id=3124, stack(0x515f0000,0x517f0000)]
  0x09177800 JavaThread "Thread-102" [_thread_blocked, id=4416, stack(0x513b0000,0x515b0000)]
  0x09177000 JavaThread "Thread-101" [_thread_blocked, id=6136, stack(0x51170000,0x51370000)]
  0x09176c00 JavaThread "Thread-100" [_thread_blocked, id=5908, stack(0x50f30000,0x51130000)]
  0x09176400 JavaThread "Thread-99" [_thread_blocked, id=4852, stack(0x50cf0000,0x50ef0000)]
  0x09176000 JavaThread "Thread-98" [_thread_blocked, id=5048, stack(0x50ab0000,0x50cb0000)]
  0x09175800 JavaThread "Thread-97" [_thread_blocked, id=3844, stack(0x50870000,0x50a70000)]
  0x09175400 JavaThread "Thread-96" [_thread_blocked, id=1400, stack(0x50630000,0x50830000)]
  0x09174c00 JavaThread "Thread-95" [_thread_blocked, id=3100, stack(0x503f0000,0x505f0000)]
  0x09174800 JavaThread "Thread-94" [_thread_blocked, id=4872, stack(0x501b0000,0x503b0000)]
  0x07871c00 JavaThread "Thread-93" [_thread_blocked, id=4708, stack(0x4ff70000,0x50170000)]
  0x07871400 JavaThread "Thread-92" [_thread_blocked, id=1804, stack(0x4fd30000,0x4ff30000)]
  0x07871000 JavaThread "Thread-91" [_thread_blocked, id=5784, stack(0x4faf0000,0x4fcf0000)]
  0x07870800 JavaThread "Thread-90" [_thread_blocked, id=5220, stack(0x4f8b0000,0x4fab0000)]
  0x07870400 JavaThread "Thread-89" [_thread_blocked, id=4644, stack(0x4f670000,0x4f870000)]
  0x0786fc00 JavaThread "Thread-88" [_thread_blocked, id=5744, stack(0x4f430000,0x4f630000)]
  0x0786f800 JavaThread "Thread-87" [_thread_blocked, id=3580, stack(0x4f1f0000,0x4f3f0000)]
  0x0786f000 JavaThread "Thread-86" [_thread_blocked, id=4856, stack(0x4efb0000,0x4f1b0000)]
  0x0786ec00 JavaThread "Thread-85" [_thread_blocked, id=5900, stack(0x4ed70000,0x4ef70000)]
  0x0786e400 JavaThread "Thread-84" [_thread_blocked, id=6008, stack(0x4eb30000,0x4ed30000)]
  0x077f5400 JavaThread "Thread-83" [_thread_blocked, id=3344, stack(0x4e8f0000,0x4eaf0000)]
  0x077f5000 JavaThread "Thread-82" [_thread_blocked, id=832, stack(0x4e6b0000,0x4e8b0000)]
  0x077f4800 JavaThread "Thread-81" [_thread_blocked, id=2648, stack(0x4e470000,0x4e670000)]
  0x077f4400 JavaThread "Thread-80" [_thread_blocked, id=2576, stack(0x4e230000,0x4e430000)]
  0x077f3c00 JavaThread "Thread-79" [_thread_blocked, id=2052, stack(0x4dff0000,0x4e1f0000)]
  0x077f3800 JavaThread "Thread-78" [_thread_blocked, id=4496, stack(0x4ddb0000,0x4dfb0000)]
  0x077f3000 JavaThread "Thread-77" [_thread_blocked, id=5924, stack(0x4db70000,0x4dd70000)]
  0x077f2c00 JavaThread "Thread-76" [_thread_blocked, id=5528, stack(0x4d930000,0x4db30000)]
  0x077f2400 JavaThread "Thread-75" [_thread_blocked, id=3552, stack(0x4d6f0000,0x4d8f0000)]
  0x077f2000 JavaThread "Thread-74" [_thread_blocked, id=1868, stack(0x4d4b0000,0x4d6b0000)]
  0x06894800 JavaThread "Thread-73" [_thread_blocked, id=4956, stack(0x4d270000,0x4d470000)]
  0x06894400 JavaThread "Thread-72" [_thread_blocked, id=1500, stack(0x4d030000,0x4d230000)]
  0x06893c00 JavaThread "Thread-71" [_thread_blocked, id=4304, stack(0x4cdf0000,0x4cff0000)]
  0x06893800 JavaThread "Thread-70" [_thread_blocked, id=3964, stack(0x4cbb0000,0x4cdb0000)]
  0x06893000 JavaThread "Thread-69" [_thread_blocked, id=1656, stack(0x4c970000,0x4cb70000)]
  0x06892c00 JavaThread "Thread-68" [_thread_blocked, id=3320, stack(0x4c730000,0x4c930000)]
  0x06892400 JavaThread "Thread-67" [_thread_blocked, id=652, stack(0x4c4f0000,0x4c6f0000)]
  0x06891c00 JavaThread "Thread-66" [_thread_blocked, id=4220, stack(0x4c2b0000,0x4c4b0000)]
  0x06891800 JavaThread "Thread-65" [_thread_blocked, id=3184, stack(0x4c070000,0x4c270000)]
  0x06891000 JavaThread "Thread-64" [_thread_blocked, id=4064, stack(0x4be30000,0x4c030000)]
  0x08e77800 JavaThread "Thread-63" [_thread_blocked, id=4040, stack(0x4bbf0000,0x4bdf0000)]
  0x08e77400 JavaThread "Thread-62" [_thread_blocked, id=4940, stack(0x4b9b0000,0x4bbb0000)]
  0x08e76c00 JavaThread "Thread-61" [_thread_blocked, id=3308, stack(0x4b770000,0x4b970000)]
  0x08e76800 JavaThread "Thread-60" [_thread_blocked, id=5448, stack(0x4b530000,0x4b730000)]
  0x08e76000 JavaThread "Thread-59" [_thread_blocked, id=2796, stack(0x4b2f0000,0x4b4f0000)]
  0x08e75c00 JavaThread "Thread-58" [_thread_blocked, id=2616, stack(0x4b0b0000,0x4b2b0000)]
  0x08e75400 JavaThread "Thread-57" [_thread_blocked, id=4020, stack(0x4ae70000,0x4b070000)]
  0x08e75000 JavaThread "Thread-56" [_thread_blocked, id=872, stack(0x4ac30000,0x4ae30000)]
  0x08e74800 JavaThread "Thread-55" [_thread_blocked, id=4156, stack(0x4a9f0000,0x4abf0000)]
  0x08e74400 JavaThread "Thread-54" [_thread_blocked, id=5152, stack(0x4a7b0000,0x4a9b0000)]
  0x08f27800 JavaThread "Thread-53" [_thread_blocked, id=5008, stack(0x4a570000,0x4a770000)]
  0x08f27000 JavaThread "Thread-52" [_thread_blocked, id=4596, stack(0x4a330000,0x4a530000)]
  0x08f26c00 JavaThread "Thread-51" [_thread_blocked, id=5052, stack(0x4a0f0000,0x4a2f0000)]
  0x08f26400 JavaThread "Thread-50" [_thread_blocked, id=4676, stack(0x49eb0000,0x4a0b0000)]
  0x08f26000 JavaThread "Thread-49" [_thread_blocked, id=5852, stack(0x49c70000,0x49e70000)]
  0x08f25800 JavaThread "Thread-48" [_thread_blocked, id=908, stack(0x49a30000,0x49c30000)]
  0x08f25400 JavaThread "Thread-47" [_thread_blocked, id=2700, stack(0x497f0000,0x499f0000)]
  0x08f24c00 JavaThread "Thread-46" [_thread_blocked, id=1212, stack(0x495b0000,0x497b0000)]
  0x08f24800 JavaThread "Thread-45" [_thread_blocked, id=1616, stack(0x49370000,0x49570000)]
  0x08f24000 JavaThread "Thread-44" [_thread_blocked, id=4232, stack(0x49130000,0x49330000)]
  0x0d1ebc00 JavaThread "Thread-43" [_thread_blocked, id=5228, stack(0x48ef0000,0x490f0000)]
  0x0d1eb400 JavaThread "Thread-42" [_thread_blocked, id=4892, stack(0x48cf0000,0x48ef0000)]
  0x0d1eb000 JavaThread "Thread-41" [_thread_blocked, id=4920, stack(0x0e180000,0x0e380000)]
  0x0d1ea800 JavaThread "Thread-40" [_thread_blocked, id=5940, stack(0x48af0000,0x48cf0000)]
  0x0d1ea400 JavaThread "Thread-39" [_thread_blocked, id=5980, stack(0x488f0000,0x48af0000)]
  0x0d1e9c00 JavaThread "Thread-38" [_thread_blocked, id=6092, stack(0x486f0000,0x488f0000)]
  0x0d1e9800 JavaThread "Thread-37" [_thread_blocked, id=3744, stack(0x484f0000,0x486f0000)]
  0x0d1e9000 JavaThread "Thread-36" [_thread_blocked, id=3316, stack(0x482f0000,0x484f0000)]
  0x0d1e8c00 JavaThread "Thread-35" [_thread_blocked, id=3916, stack(0x480f0000,0x482f0000)]
  0x0d1e8400 JavaThread "Thread-34" [_thread_blocked, id=1060, stack(0x47ef0000,0x480f0000)]
  0x0d4dcc00 JavaThread "Thread-33" [_thread_blocked, id=1100, stack(0x47cf0000,0x47ef0000)]
  0x0d4dc800 JavaThread "Thread-32" [_thread_blocked, id=5332, stack(0x47af0000,0x47cf0000)]
  0x0d4dc000 JavaThread "Thread-31" [_thread_blocked, id=6080, stack(0x478f0000,0x47af0000)]
  0x0d4dbc00 JavaThread "Thread-30" [_thread_blocked, id=3648, stack(0x476f0000,0x478f0000)]
  0x0d4db400 JavaThread "Thread-29" [_thread_blocked, id=3700, stack(0x474f0000,0x476f0000)]
  0x0d4db000 JavaThread "Thread-28" [_thread_blocked, id=2820, stack(0x472f0000,0x474f0000)]
  0x0d4da800 JavaThread "Thread-27" [_thread_blocked, id=4520, stack(0x470f0000,0x472f0000)]
  0x0d4da400 JavaThread "Thread-26" [_thread_blocked, id=1228, stack(0x46ef0000,0x470f0000)]
  0x0d4d9c00 JavaThread "Thread-25" [_thread_blocked, id=3868, stack(0x46cf0000,0x46ef0000)]
  0x0d4d9800 JavaThread "Thread-24" [_thread_blocked, id=5156, stack(0x46af0000,0x46cf0000)]
  0x07912c00 JavaThread "Thread-23" [_thread_blocked, id=668, stack(0x0c920000,0x0cb20000)]
  0x07913800 JavaThread "Thread-22" [_thread_blocked, id=3936, stack(0x468f0000,0x46af0000)]
  0x07911400 JavaThread "Thread-21" [_thread_blocked, id=4328, stack(0x466f0000,0x468f0000)]
  0x07911000 JavaThread "Thread-19" [_thread_blocked, id=2712, stack(0x44d20000,0x44f20000)]
  0x07912800 JavaThread "H2 Log Writer CHIPSEQDB3" daemon [_thread_blocked, id=3692, stack(0x0df80000,0x0e180000)]
  0x07913400 JavaThread "D3D Screen Updater" daemon [_thread_blocked, id=152, stack(0x0ee00000,0x0f000000)]
  0x07912000 JavaThread "Inactive RequestProcessor thread [Was:Timeable Event Queue Watch Dog/null]" daemon [_thread_blocked, id=4200, stack(0x0dd80000,0x0df80000)]
  0x07910800 JavaThread "AWT-EventQueue-1" [_thread_blocked, id=3952, stack(0x0c720000,0x0c920000)]
  0x07910400 JavaThread "TimerQueue" daemon [_thread_blocked, id=5660, stack(0x0c520000,0x0c720000)]
  0x08da6400 JavaThread "Thread-3" daemon [_thread_blocked, id=5444, stack(0x0c320000,0x0c520000)]
  0x07a31400 JavaThread "AWT-Windows" daemon [_thread_in_native, id=5296, stack(0x09720000,0x09920000)]
  0x07a30c00 JavaThread "AWT-Shutdown" [_thread_blocked, id=4072, stack(0x09520000,0x09720000)]
  0x077ba400 JavaThread "Java2D Disposer" daemon [_thread_blocked, id=1792, stack(0x08b20000,0x08d20000)]
  0x068f8000 JavaThread "CLI Requests Server" daemon [_thread_in_native, id=3528, stack(0x07ef0000,0x080f0000)]
  0x06883c00 JavaThread "Active Reference Queue Daemon" daemon [_thread_blocked, id=5308, stack(0x07550000,0x07750000)]
  0x06897c00 JavaThread "Timer-0" daemon [_thread_blocked, id=4112, stack(0x07310000,0x07510000)]
  0x01eee000 JavaThread "Low Memory Detector" daemon [_thread_blocked, id=1660, stack(0x06e90000,0x07090000)]
=>0x067e8c00 JavaThread "CompilerThread1" daemon [_thread_in_native, id=5560, stack(0x06c50000,0x06e50000)]
  0x01ee1c00 JavaThread "CompilerThread0" daemon [_thread_blocked, id=5000, stack(0x06a10000,0x06c10000)]
  0x01ee0c00 JavaThread "Attach Listener" daemon [_thread_blocked, id=3624, stack(0x065d0000,0x067d0000)]
  0x01edfc00 JavaThread "Signal Dispatcher" daemon [_thread_blocked, id=2984, stack(0x06390000,0x06590000)]
  0x01eb4000 JavaThread "Finalizer" daemon [_thread_blocked, id=2656, stack(0x06150000,0x06350000)]
  0x01ead800 JavaThread "Reference Handler" daemon [_thread_blocked, id=4484, stack(0x05f10000,0x06110000)]
  0x01f3a000 JavaThread "main" [_thread_blocked, id=5012, stack(0x00090000,0x00290000)]

Other Threads:
  0x01eab000 VMThread [stack: 0x05cd0000,0x05ed0000] [id=5704]
  0x067e9000 WatcherThread [stack: 0x070d0000,0x072d0000] [id=4884]

VM state:not at safepoint (normal execution)

VM Mutex/Monitor currently owned by a thread: None

Heap
 PSYoungGen      total 127168K, used 118534K [0x34050000, 0x437c0000, 0x44050000)
  eden space 102848K, 91% used [0x34050000,0x39c5b6c0,0x3a4c0000)
  from space 24320K, 99% used [0x3a4c0000,0x3bc76178,0x3bc80000)
  to   space 75264K, 0% used [0x3ee40000,0x3ee40000,0x437c0000)
 PSOldGen        total 266816K, used 180479K [0x14050000, 0x244e0000, 0x34050000)
  object space 266816K, 67% used [0x14050000,0x1f08fff8,0x244e0000)
 PSPermGen       total 50816K, used 26215K [0x10050000, 0x131f0000, 0x14050000)
  object space 50816K, 51% used [0x10050000,0x119e9f40,0x131f0000)

Dynamic libraries:
0x00400000 - 0x00427000 	B:\Programme\NetBeans 6.9\platform\lib\nbexec.exe
0x771b0000 - 0x77330000 	C:\Windows\SysWOW64\ntdll.dll
0x75190000 - 0x75290000 	C:\Windows\syswow64\kernel32.dll
0x74fa0000 - 0x74fe6000 	C:\Windows\syswow64\KERNELBASE.dll
0x75640000 - 0x756ec000 	C:\Windows\syswow64\msvcrt.dll
0x756f0000 - 0x75790000 	C:\Windows\syswow64\ADVAPI32.DLL
0x766e0000 - 0x766f9000 	C:\Windows\SysWOW64\sechost.dll
0x74eb0000 - 0x74fa0000 	C:\Windows\syswow64\RPCRT4.dll
0x74d20000 - 0x74d80000 	C:\Windows\syswow64\SspiCli.dll
0x74d10000 - 0x74d1c000 	C:\Windows\syswow64\CRYPTBASE.dll
0x74db0000 - 0x74eb0000 	C:\Windows\syswow64\USER32.dll
0x763e0000 - 0x76470000 	C:\Windows\syswow64\GDI32.dll
0x76630000 - 0x7663a000 	C:\Windows\syswow64\LPK.dll
0x76640000 - 0x766dd000 	C:\Windows\syswow64\USP10.dll
0x764a0000 - 0x76500000 	C:\Windows\system32\IMM32.DLL
0x76970000 - 0x76a3c000 	C:\Windows\syswow64\MSCTF.dll
0x10000000 - 0x10042000 	B:\Programme\NetBeans 6.9\platform\lib\nbexec.dll
0x73740000 - 0x7378b000 	C:\Windows\system32\apphelp.dll
0x6db80000 - 0x6dfc3000 	C:\Program Files (x86)\Java\jdk1.6.0_21\jre\bin\server\jvm.dll
0x70d40000 - 0x70d72000 	C:\Windows\system32\WINMM.dll
0x7c340000 - 0x7c396000 	C:\Program Files (x86)\Java\jdk1.6.0_21\jre\bin\MSVCR71.dll
0x6d860000 - 0x6d86c000 	C:\Program Files (x86)\Java\jdk1.6.0_21\jre\bin\verify.dll
0x6d3e0000 - 0x6d3ff000 	C:\Program Files (x86)\Java\jdk1.6.0_21\jre\bin\java.dll
0x6d340000 - 0x6d348000 	C:\Program Files (x86)\Java\jdk1.6.0_21\jre\bin\hpi.dll
0x76490000 - 0x76495000 	C:\Windows\syswow64\PSAPI.DLL
0x6d8a0000 - 0x6d8af000 	C:\Program Files (x86)\Java\jdk1.6.0_21\jre\bin\zip.dll
0x6d6c0000 - 0x6d6d3000 	C:\Program Files (x86)\Java\jdk1.6.0_21\jre\bin\net.dll
0x76930000 - 0x76965000 	C:\Windows\syswow64\WS2_32.dll
0x77180000 - 0x77186000 	C:\Windows\syswow64\NSI.dll
0x71b50000 - 0x71b8c000 	C:\Windows\system32\mswsock.dll
0x71990000 - 0x71996000 	C:\Windows\System32\wship6.dll
0x71b20000 - 0x71b3c000 	C:\Windows\system32\iphlpapi.dll
0x71b10000 - 0x71b17000 	C:\Windows\system32\WINNSI.DLL
0x71890000 - 0x718a2000 	C:\Windows\system32\dhcpcsvc.DLL
0x71880000 - 0x7188d000 	C:\Windows\system32\dhcpcsvc6.DLL
0x71b40000 - 0x71b45000 	C:\Windows\System32\wshtcpip.dll
0x71a60000 - 0x71a76000 	C:\Windows\system32\CRYPTSP.dll
0x71a20000 - 0x71a5b000 	C:\Windows\system32\rsaenh.dll
0x72c30000 - 0x72c47000 	C:\Windows\system32\USERENV.dll
0x72c20000 - 0x72c2b000 	C:\Windows\system32\profapi.dll
0x73af0000 - 0x73b00000 	C:\Windows\system32\NLAapi.dll
0x71940000 - 0x71984000 	C:\Windows\system32\DNSAPI.dll
0x73ad0000 - 0x73ad8000 	C:\Windows\System32\winrnr.dll
0x73ab0000 - 0x73ac0000 	C:\Windows\system32\napinsp.dll
0x73a90000 - 0x73aa2000 	C:\Windows\system32\pnrpnsp.dll
0x73a60000 - 0x73a85000 	C:\Program Files (x86)\Bonjour\mdnsNSP.dll
0x73ac0000 - 0x73ac6000 	C:\Windows\system32\rasadhlp.dll
0x73a20000 - 0x73a58000 	C:\Windows\System32\fwpuclnt.dll
0x6d0b0000 - 0x6d1fa000 	C:\Program Files (x86)\Java\jdk1.6.0_21\jre\bin\awt.dll
0x70e80000 - 0x70ed1000 	C:\Windows\system32\WINSPOOL.DRV
0x74ff0000 - 0x7514c000 	C:\Windows\syswow64\ole32.dll
0x74620000 - 0x746a4000 	C:\Windows\WinSxS\x86_microsoft.windows.common-controls_6595b64144ccf1df_5.82.7600.16661_none_ebfb56996c72aefc\COMCTL32.dll
0x70ae0000 - 0x70af3000 	C:\Windows\system32\DWMAPI.DLL
0x71610000 - 0x71690000 	C:\Windows\system32\uxtheme.dll
0x6d2e0000 - 0x6d334000 	C:\Program Files (x86)\Java\jdk1.6.0_21\jre\bin\fontmanager.dll
0x70410000 - 0x7042a000 	B:\Tobit Radio.fx\Client\rfx-helper.dll
0x75790000 - 0x763d9000 	C:\Windows\syswow64\shell32.dll
0x76870000 - 0x768c7000 	C:\Windows\syswow64\SHLWAPI.dll
0x73020000 - 0x731e3000 	C:\Windows\system32\d3d9.dll
0x72b40000 - 0x72b49000 	C:\Windows\system32\VERSION.dll
0x73820000 - 0x73826000 	C:\Windows\system32\d3d8thk.dll
0x6e9e0000 - 0x6f143000 	C:\Windows\system32\nvd3dum.dll
0x71a80000 - 0x71aa5000 	C:\Windows\system32\powrprof.dll
0x76c10000 - 0x76dad000 	C:\Windows\syswow64\SETUPAPI.dll
0x75290000 - 0x752b7000 	C:\Windows\syswow64\CFGMGR32.dll
0x76b80000 - 0x76c0f000 	C:\Windows\syswow64\OLEAUT32.dll
0x76470000 - 0x76482000 	C:\Windows\syswow64\DEVOBJ.dll
0x6d6e0000 - 0x6d6e9000 	C:\Program Files (x86)\Java\jdk1.6.0_21\jre\bin\nio.dll
0x6d610000 - 0x6d619000 	C:\Program Files (x86)\Java\jdk1.6.0_21\jre\bin\management.dll
0x76750000 - 0x767d3000 	C:\Windows\syswow64\CLBCatQ.DLL
0x6d250000 - 0x6d273000 	C:\Program Files (x86)\Java\jdk1.6.0_21\jre\bin\dcpr.dll

VM Arguments:
jvm_args: -Dnetbeans.logger.console=true -ea -Djdk.home=C:\Program Files (x86)\Java\jdk1.6.0_21 -Dnetbeans.home=B:\Programme\NetBeans 6.9\platform -Dnetbeans.user=B:\Netbeans\Projects\VAMP_NBP\build\testuserdir -XX:+HeapDumpOnOutOfMemoryError -XX:HeapDumpPath=B:\Netbeans\Projects\VAMP_NBP\build\testuserdir\var\log\heapdump.hprof -Dnetbeans.system_http_proxy=DIRECT -Dsun.awt.keepWorkingSetOnMinimize=true -Dnetbeans.dirs=B:\Netbeans\Projects\VAMP_NBP\build\cluster;B:\Programme\NetBeans 6.9\platform 
java_command: <unknown>
Launcher Type: generic

Environment Variables:
JAVA_HOME=C:\Program_Files_(x86)\Java\jdk1.6.0_20
CLASSPATH=.;C:\Program Files (x86)\Java\jre6\lib\ext\QTJava.zip
PATH=C:\Program Files (x86)\JavaFX\javafx-sdk1.3\bin;C:\Program Files (x86)\JavaFX\javafx-sdk1.3\emulator\bin;B:\Programme\MiKTeX 2.8\miktex\bin;C:\Windows\system32;C:\Windows;C:\Windows\System32\Wbem;C:\Windows\System32\WindowsPowerShell\v1.0\;$ANT_HOME\bin;$JAVA_HOME\bin;C:\Program Files (x86)\QuickTime\QTSystem\;C:\Program Files (x86)\Microsoft SQL Server\100\Tools\Binn\;C:\Program Files\Microsoft SQL Server\100\Tools\Binn\;C:\Program Files\Microsoft SQL Server\100\DTS\Binn\
USERNAME=denis
OS=Windows_NT
PROCESSOR_IDENTIFIER=Intel64 Family 6 Model 15 Stepping 13, GenuineIntel



---------------  S Y S T E M  ---------------

OS: Windows 7 Build 7600 

CPU:total 2 (2 cores per cpu, 1 threads per core) family 6 model 15 stepping 13, cmov, cx8, fxsr, mmx, sse, sse2, sse3, ssse3

Memory: 4k page, physical 3144952k(1191352k free), swap 6288008k(3476860k free)

vm_info: Java HotSpot(TM) Server VM (17.0-b17) for windows-x86 JRE (1.6.0_21-b07), built on Jul 17 2010 01:03:51 by "java_re" with MS VC++ 7.1 (VS2003)

time: Mon Apr 11 12:01:55 2011
elapsed time: 198 seconds

